<?xml version="1.0" encoding="UTF-8"?>
<!-- Generated by org.testng.reporters.JUnitXMLReporter -->
<testsuite ignored="0" hostname="DESKTOP-4NHTNVQ" failures="1" tests="3" name="Test" time="0.075" errors="0" timestamp="2023-08-30T04:28:05 GMT-07:00">
  <testcase classname="TestNG.listenRunner" name="test1" time="0.008"/>
  <testcase classname="TestNG.listenRunner" name="test2" time="0.007">
    <failure type="java.lang.AssertionError" message="null">
      <![CDATA[java.lang.AssertionError: null
at TestNG.listenRunner.test2(listenRunner.java:17)
at java.base/java.util.ArrayList.forEach(ArrayList.java:1511)
... Removed 29 stack frames]]>
    </failure>
  </testcase> <!-- test2 -->
  <testcase classname="TestNG.listenRunner" name="test3" time="0.0">
    <skipped/>
  </testcase> <!-- test3 -->
</testsuite> <!-- Test -->
